生成启动时间为 2020/4/15 11:41:46。
     1>项目“C:\Users\YI\Documents\Visual Studio 2015\Projects\DetecForTCP\DetecForTCP\DetecForTCP.vcxproj”在节点 2 上(Rebuild 个目标)。
     1>ClCompile:
         D:\Microsoft Visual Studio 14.0\VC\bin\CL.exe /c /ZI /nologo /W3 /WX- /sdl /Od /Oy- /D WIN32 /D _WINDOWS /D _DEBUG /D _UNICODE /D UNICODE /D _AFXDLL /Gm /EHsc /RTC1 /MDd /GS /fp:precise /Zc:wchar_t /Zc:forScope /Zc:inline /Yc"stdafx.h" /Fp"Debug\DetecForTCP.pch" /Fo"Debug\\" /Fd"Debug\vc140.pdb" /Gd /TP /analyze- /errorReport:prompt stdafx.cpp
         stdafx.cpp
         D:\Microsoft Visual Studio 14.0\VC\bin\CL.exe /c /ZI /nologo /W3 /WX- /sdl /Od /Oy- /D WIN32 /D _WINDOWS /D _DEBUG /D _UNICODE /D UNICODE /D _AFXDLL /Gm /EHsc /RTC1 /MDd /GS /fp:precise /Zc:wchar_t /Zc:forScope /Zc:inline /Yu"stdafx.h" /Fp"Debug\DetecForTCP.pch" /Fo"Debug\\" /Fd"Debug\vc140.pdb" /Gd /TP /analyze- /errorReport:prompt DetecForTCP.cpp DetecForTCPDlg.cpp MyFunction.cpp
         MyFunction.cpp
         DetecForTCPDlg.cpp
         DetecForTCP.cpp
         正在生成代码...
       ResourceCompile:
         C:\Program Files (x86)\Windows Kits\8.1\bin\x86\rc.exe /D _DEBUG /D _UNICODE /D UNICODE /D _AFXDLL /l"0x0804" /IDebug\ /nologo /fo"Debug\DetecForTCP.res" DetecForTCP.rc 
       Link:
         D:\Microsoft Visual Studio 14.0\VC\bin\link.exe /ERRORREPORT:PROMPT /OUT:"C:\Users\YI\Documents\Visual Studio 2015\Projects\DetecForTCP\Debug\DetecForTCP.exe" /INCREMENTAL /NOLOGO /MANIFEST /MANIFESTUAC:"level='asInvoker' uiAccess='false'" /manifest:embed /manifestinput:"D:\Microsoft Visual Studio 14.0\VC\Include\Manifest\dpiaware.manifest" /Debug /PDB:"C:\Users\YI\Documents\Visual Studio 2015\Projects\DetecForTCP\Debug\DetecForTCP.pdb" /SUBSYSTEM:WINDOWS /TLBID:1 /ENTRY:"wWinMainCRTStartup" /DYNAMICBASE /NXCOMPAT /IMPLIB:"C:\Users\YI\Documents\Visual Studio 2015\Projects\DetecForTCP\Debug\DetecForTCP.lib" /MACHINE:X86 Debug\DetecForTCP.res
         Debug\DetecForTCP.obj
         Debug\DetecForTCPDlg.obj
         Debug\MyFunction.obj
         Debug\stdafx.obj
         DetecForTCP.vcxproj -> C:\Users\YI\Documents\Visual Studio 2015\Projects\DetecForTCP\Debug\DetecForTCP.exe
     1>已完成生成项目“C:\Users\YI\Documents\Visual Studio 2015\Projects\DetecForTCP\DetecForTCP\DetecForTCP.vcxproj”(Rebuild 个目标)的操作。

已成功生成。

已用时间 00:00:05.85
