c:\users\yi\documents\visual studio 2015\projects\detecfortcp\detecfortcp\debug\detecfortcp.pch
c:\users\yi\documents\visual studio 2015\projects\detecfortcp\detecfortcp\debug\vc140.pdb
c:\users\yi\documents\visual studio 2015\projects\detecfortcp\detecfortcp\debug\vc140.idb
c:\users\yi\documents\visual studio 2015\projects\detecfortcp\detecfortcp\debug\stdafx.obj
c:\users\yi\documents\visual studio 2015\projects\detecfortcp\detecfortcp\debug\detecfortcp.obj
c:\users\yi\documents\visual studio 2015\projects\detecfortcp\detecfortcp\debug\detecfortcpdlg.obj
c:\users\yi\documents\visual studio 2015\projects\detecfortcp\detecfortcp\debug\myfunction.obj
c:\users\yi\documents\visual studio 2015\projects\detecfortcp\debug\detecfortcp.ilk
c:\users\yi\documents\visual studio 2015\projects\detecfortcp\debug\detecfortcp.exe
c:\users\yi\documents\visual studio 2015\projects\detecfortcp\debug\detecfortcp.pdb
c:\users\yi\documents\visual studio 2015\projects\detecfortcp\detecfortcp\debug\detecfortcp.res
c:\users\yi\documents\visual studio 2015\projects\detecfortcp\detecfortcp\debug\detecfortcp.tlog\cl.command.1.tlog
c:\users\yi\documents\visual studio 2015\projects\detecfortcp\detecfortcp\debug\detecfortcp.tlog\cl.read.1.tlog
c:\users\yi\documents\visual studio 2015\projects\detecfortcp\detecfortcp\debug\detecfortcp.tlog\cl.write.1.tlog
c:\users\yi\documents\visual studio 2015\projects\detecfortcp\detecfortcp\debug\detecfortcp.tlog\link.command.1.tlog
c:\users\yi\documents\visual studio 2015\projects\detecfortcp\detecfortcp\debug\detecfortcp.tlog\link.read.1.tlog
c:\users\yi\documents\visual studio 2015\projects\detecfortcp\detecfortcp\debug\detecfortcp.tlog\link.write.1.tlog
c:\users\yi\documents\visual studio 2015\projects\detecfortcp\detecfortcp\debug\detecfortcp.tlog\rc.command.1.tlog
c:\users\yi\documents\visual studio 2015\projects\detecfortcp\detecfortcp\debug\detecfortcp.tlog\rc.read.1.tlog
c:\users\yi\documents\visual studio 2015\projects\detecfortcp\detecfortcp\debug\detecfortcp.tlog\rc.write.1.tlog
